{"D:\\Desarrollo\\Temp\\index.ts": {"path":"D:\\Desarrollo\\Temp\\index.ts","statementMap":{"0":{"start":{"line":178,"column":0},"end":{"line":178,"column":22}},"1":{"start":{"line":252,"column":0},"end":{"line":252,"column":22}},"2":{"start":{"line":320,"column":0},"end":{"line":320,"column":22}},"3":{"start":{"line":1,"column":0},"end":{"line":1,"column":50}},"4":{"start":{"line":2,"column":0},"end":{"line":2,"column":35}},"5":{"start":{"line":3,"column":0},"end":{"line":3,"column":31}},"6":{"start":{"line":4,"column":0},"end":{"line":4,"column":35}},"7":{"start":{"line":10,"column":15},"end":{"line":21,"column":2}},"8":{"start":{"line":139,"column":23},"end":{"line":150,"column":2}},"9":{"start":{"line":139,"column":78},"end":{"line":150,"column":2}},"10":{"start":{"line":141,"column":32},"end":{"line":141,"column":44}},"11":{"start":{"line":159,"column":4},"end":{"line":159,"column":27}},"12":{"start":{"line":159,"column":15},"end":{"line":159,"column":27}},"13":{"start":{"line":160,"column":20},"end":{"line":160,"column":48}},"14":{"start":{"line":161,"column":4},"end":{"line":161,"column":30}},"15":{"start":{"line":161,"column":18},"end":{"line":161,"column":30}},"16":{"start":{"line":162,"column":23},"end":{"line":162,"column":67}},"17":{"start":{"line":163,"column":16},"end":{"line":163,"column":38}},"18":{"start":{"line":164,"column":4},"end":{"line":164,"column":35}},"19":{"start":{"line":178,"column":34},"end":{"line":242,"column":null}},"20":{"start":{"line":179,"column":25},"end":{"line":179,"column":48}},"21":{"start":{"line":180,"column":17},"end":{"line":180,"column":33}},"22":{"start":{"line":181,"column":17},"end":{"line":181,"column":33}},"23":{"start":{"line":182,"column":27},"end":{"line":182,"column":93}},"24":{"start":{"line":183,"column":27},"end":{"line":183,"column":93}},"25":{"start":{"line":184,"column":23},"end":{"line":184,"column":40}},"26":{"start":{"line":185,"column":19},"end":{"line":185,"column":41}},"27":{"start":{"line":187,"column":4},"end":{"line":187,"column":111}},"28":{"start":{"line":189,"column":34},"end":{"line":197,"column":6}},"29":{"start":{"line":199,"column":4},"end":{"line":229,"column":5}},"30":{"start":{"line":200,"column":8},"end":{"line":228,"column":9}},"31":{"start":{"line":201,"column":28},"end":{"line":201,"column":53}},"32":{"start":{"line":202,"column":12},"end":{"line":202,"column":75}},"33":{"start":{"line":203,"column":28},"end":{"line":203,"column":60}},"34":{"start":{"line":204,"column":22},"end":{"line":204,"column":48}},"35":{"start":{"line":205,"column":59},"end":{"line":205,"column":138}},"36":{"start":{"line":207,"column":40},"end":{"line":209,"column":22}},"37":{"start":{"line":211,"column":12},"end":{"line":223,"column":13}},"38":{"start":{"line":212,"column":16},"end":{"line":212,"column":90}},"39":{"start":{"line":212,"column":81},"end":{"line":212,"column":90}},"40":{"start":{"line":214,"column":34},"end":{"line":214,"column":45}},"41":{"start":{"line":215,"column":16},"end":{"line":222,"column":17}},"42":{"start":{"line":216,"column":37},"end":{"line":216,"column":75}},"43":{"start":{"line":217,"column":33},"end":{"line":217,"column":64}},"44":{"start":{"line":218,"column":20},"end":{"line":221,"column":21}},"45":{"start":{"line":219,"column":24},"end":{"line":219,"column":55}},"46":{"start":{"line":220,"column":24},"end":{"line":220,"column":78}},"47":{"start":{"line":224,"column":12},"end":{"line":224,"column":138}},"48":{"start":{"line":226,"column":12},"end":{"line":226,"column":96}},"49":{"start":{"line":227,"column":12},"end":{"line":227,"column":97}},"50":{"start":{"line":227,"column":33},"end":{"line":227,"column":97}},"51":{"start":{"line":231,"column":4},"end":{"line":239,"column":5}},"52":{"start":{"line":232,"column":8},"end":{"line":238,"column":9}},"53":{"start":{"line":233,"column":32},"end":{"line":233,"column":88}},"54":{"start":{"line":234,"column":12},"end":{"line":234,"column":51}},"55":{"start":{"line":235,"column":12},"end":{"line":235,"column":57}},"56":{"start":{"line":237,"column":12},"end":{"line":237,"column":116}},"57":{"start":{"line":241,"column":4},"end":{"line":241,"column":20}},"58":{"start":{"line":252,"column":36},"end":{"line":307,"column":null}},"59":{"start":{"line":253,"column":25},"end":{"line":253,"column":48}},"60":{"start":{"line":254,"column":17},"end":{"line":254,"column":33}},"61":{"start":{"line":255,"column":17},"end":{"line":255,"column":33}},"62":{"start":{"line":256,"column":19},"end":{"line":256,"column":41}},"63":{"start":{"line":258,"column":18},"end":{"line":258,"column":28}},"64":{"start":{"line":259,"column":22},"end":{"line":259,"column":32}},"65":{"start":{"line":260,"column":4},"end":{"line":260,"column":46}},"66":{"start":{"line":262,"column":26},"end":{"line":265,"column":5}},"67":{"start":{"line":263,"column":23},"end":{"line":263,"column":107}},"68":{"start":{"line":264,"column":8},"end":{"line":264,"column":84}},"69":{"start":{"line":267,"column":21},"end":{"line":267,"column":275}},"70":{"start":{"line":269,"column":4},"end":{"line":271,"column":5}},"71":{"start":{"line":270,"column":8},"end":{"line":270,"column":38}},"72":{"start":{"line":273,"column":33},"end":{"line":273,"column":35}},"73":{"start":{"line":274,"column":22},"end":{"line":274,"column":27}},"74":{"start":{"line":276,"column":4},"end":{"line":298,"column":5}},"75":{"start":{"line":277,"column":8},"end":{"line":277,"column":86}},"76":{"start":{"line":278,"column":24},"end":{"line":278,"column":59}},"77":{"start":{"line":279,"column":19},"end":{"line":279,"column":45}},"78":{"start":{"line":281,"column":8},"end":{"line":291,"column":11}},"79":{"start":{"line":282,"column":26},"end":{"line":282,"column":44}},"80":{"start":{"line":283,"column":12},"end":{"line":290,"column":13}},"81":{"start":{"line":284,"column":16},"end":{"line":289,"column":19}},"82":{"start":{"line":293,"column":8},"end":{"line":293,"column":51}},"83":{"start":{"line":294,"column":8},"end":{"line":294,"column":98}},"84":{"start":{"line":296,"column":8},"end":{"line":296,"column":97}},"85":{"start":{"line":297,"column":8},"end":{"line":297,"column":72}},"86":{"start":{"line":300,"column":4},"end":{"line":306,"column":6}},"87":{"start":{"line":320,"column":34},"end":{"line":361,"column":null}},"88":{"start":{"line":321,"column":25},"end":{"line":321,"column":48}},"89":{"start":{"line":322,"column":18},"end":{"line":322,"column":36}},"90":{"start":{"line":323,"column":19},"end":{"line":323,"column":37}},"91":{"start":{"line":324,"column":19},"end":{"line":324,"column":41}},"92":{"start":{"line":326,"column":4},"end":{"line":326,"column":73}},"93":{"start":{"line":328,"column":16},"end":{"line":328,"column":128}},"94":{"start":{"line":330,"column":4},"end":{"line":360,"column":5}},"95":{"start":{"line":331,"column":25},"end":{"line":331,"column":53}},"96":{"start":{"line":332,"column":8},"end":{"line":335,"column":9}},"97":{"start":{"line":333,"column":12},"end":{"line":333,"column":67}},"98":{"start":{"line":334,"column":12},"end":{"line":334,"column":24}},"99":{"start":{"line":337,"column":23},"end":{"line":337,"column":39}},"100":{"start":{"line":338,"column":36},"end":{"line":353,"column":10}},"101":{"start":{"line":344,"column":64},"end":{"line":347,"column":14}},"102":{"start":{"line":355,"column":8},"end":{"line":355,"column":99}},"103":{"start":{"line":356,"column":8},"end":{"line":356,"column":22}},"104":{"start":{"line":358,"column":8},"end":{"line":358,"column":88}},"105":{"start":{"line":359,"column":8},"end":{"line":359,"column":66}}},"fnMap":{"0":{"name":"(anonymous_17)","decl":{"start":{"line":139,"column":23},"end":{"line":139,"column":24}},"loc":{"start":{"line":139,"column":78},"end":{"line":150,"column":2}}},"1":{"name":"(anonymous_18)","decl":{"start":{"line":141,"column":20},"end":{"line":141,"column":21}},"loc":{"start":{"line":141,"column":32},"end":{"line":141,"column":44}}},"2":{"name":"parseVenezuelanNumber","decl":{"start":{"line":158,"column":9},"end":{"line":158,"column":30}},"loc":{"start":{"line":158,"column":43},"end":{"line":165,"column":1}}},"3":{"name":"getBcvRates","decl":{"start":{"line":178,"column":22},"end":{"line":178,"column":33}},"loc":{"start":{"line":178,"column":33},"end":{"line":242,"column":null}}},"4":{"name":"(anonymous_21)","decl":{"start":{"line":178,"column":34},"end":{"line":178,"column":54}},"loc":{"start":{"line":178,"column":56},"end":{"line":242,"column":1}}},"5":{"name":"getBcvHistory","decl":{"start":{"line":252,"column":22},"end":{"line":252,"column":35}},"loc":{"start":{"line":252,"column":35},"end":{"line":307,"column":null}}},"6":{"name":"(anonymous_23)","decl":{"start":{"line":252,"column":36},"end":{"line":252,"column":56}},"loc":{"start":{"line":252,"column":58},"end":{"line":307,"column":1}}},"7":{"name":"(anonymous_24)","decl":{"start":{"line":262,"column":26},"end":{"line":262,"column":27}},"loc":{"start":{"line":262,"column":49},"end":{"line":265,"column":5}}},"8":{"name":"(anonymous_25)","decl":{"start":{"line":281,"column":46},"end":{"line":281,"column":47}},"loc":{"start":{"line":281,"column":57},"end":{"line":291,"column":9}}},"9":{"name":"getTrmRates","decl":{"start":{"line":320,"column":22},"end":{"line":320,"column":33}},"loc":{"start":{"line":320,"column":33},"end":{"line":361,"column":null}}},"10":{"name":"(anonymous_27)","decl":{"start":{"line":320,"column":34},"end":{"line":320,"column":54}},"loc":{"start":{"line":320,"column":56},"end":{"line":361,"column":1}}},"11":{"name":"(anonymous_28)","decl":{"start":{"line":344,"column":48},"end":{"line":344,"column":49}},"loc":{"start":{"line":344,"column":64},"end":{"line":347,"column":14}}}},"branchMap":{"0":{"loc":{"start":{"line":11,"column":11},"end":{"line":11,"column":46}},"type":"binary-expr","locations":[{"start":{"line":11,"column":11},"end":{"line":11,"column":36}},{"start":{"line":11,"column":40},"end":{"line":11,"column":46}}]},"1":{"loc":{"start":{"line":18,"column":20},"end":{"line":18,"column":77}},"type":"binary-expr","locations":[{"start":{"line":18,"column":20},"end":{"line":18,"column":51}},{"start":{"line":18,"column":55},"end":{"line":18,"column":77}}]},"2":{"loc":{"start":{"line":139,"column":24},"end":{"line":139,"column":52}},"type":"default-arg","locations":[{"start":{"line":139,"column":50},"end":{"line":139,"column":52}}]},"3":{"loc":{"start":{"line":140,"column":13},"end":{"line":140,"column":37}},"type":"binary-expr","locations":[{"start":{"line":140,"column":13},"end":{"line":140,"column":28}},{"start":{"line":140,"column":32},"end":{"line":140,"column":37}}]},"4":{"loc":{"start":{"line":143,"column":28},"end":{"line":143,"column":87}},"type":"cond-expr","locations":[{"start":{"line":143,"column":62},"end":{"line":143,"column":79}},{"start":{"line":143,"column":82},"end":{"line":143,"column":87}}]},"5":{"loc":{"start":{"line":146,"column":22},"end":{"line":146,"column":156}},"type":"binary-expr","locations":[{"start":{"line":146,"column":22},"end":{"line":146,"column":39}},{"start":{"line":146,"column":43},"end":{"line":146,"column":156}}]},"6":{"loc":{"start":{"line":159,"column":4},"end":{"line":159,"column":27}},"type":"if","locations":[{"start":{"line":159,"column":4},"end":{"line":159,"column":27}},{"start":{},"end":{}}]},"7":{"loc":{"start":{"line":161,"column":4},"end":{"line":161,"column":30}},"type":"if","locations":[{"start":{"line":161,"column":4},"end":{"line":161,"column":30}},{"start":{},"end":{}}]},"8":{"loc":{"start":{"line":164,"column":11},"end":{"line":164,"column":34}},"type":"cond-expr","locations":[{"start":{"line":164,"column":24},"end":{"line":164,"column":28}},{"start":{"line":164,"column":31},"end":{"line":164,"column":34}}]},"9":{"loc":{"start":{"line":178,"column":34},"end":{"line":178,"column":56}},"type":"default-arg","locations":[{"start":{"line":178,"column":54},"end":{"line":178,"column":56}}]},"10":{"loc":{"start":{"line":179,"column":25},"end":{"line":179,"column":48}},"type":"binary-expr","locations":[{"start":{"line":179,"column":25},"end":{"line":179,"column":38}},{"start":{"line":179,"column":42},"end":{"line":179,"column":48}}]},"11":{"loc":{"start":{"line":180,"column":17},"end":{"line":180,"column":33}},"type":"binary-expr","locations":[{"start":{"line":180,"column":17},"end":{"line":180,"column":28}},{"start":{"line":180,"column":32},"end":{"line":180,"column":33}}]},"12":{"loc":{"start":{"line":181,"column":17},"end":{"line":181,"column":33}},"type":"binary-expr","locations":[{"start":{"line":181,"column":17},"end":{"line":181,"column":28}},{"start":{"line":181,"column":32},"end":{"line":181,"column":33}}]},"13":{"loc":{"start":{"line":182,"column":27},"end":{"line":182,"column":93}},"type":"cond-expr","locations":[{"start":{"line":182,"column":65},"end":{"line":182,"column":86}},{"start":{"line":182,"column":89},"end":{"line":182,"column":93}}]},"14":{"loc":{"start":{"line":183,"column":27},"end":{"line":183,"column":93}},"type":"cond-expr","locations":[{"start":{"line":183,"column":65},"end":{"line":183,"column":86}},{"start":{"line":183,"column":89},"end":{"line":183,"column":93}}]},"15":{"loc":{"start":{"line":199,"column":4},"end":{"line":229,"column":5}},"type":"if","locations":[{"start":{"line":199,"column":4},"end":{"line":229,"column":5}},{"start":{},"end":{}}]},"16":{"loc":{"start":{"line":207,"column":40},"end":{"line":209,"column":22}},"type":"cond-expr","locations":[{"start":{"line":208,"column":19},"end":{"line":208,"column":72}},{"start":{"line":209,"column":18},"end":{"line":209,"column":22}}]},"17":{"loc":{"start":{"line":208,"column":19},"end":{"line":208,"column":72}},"type":"cond-expr","locations":[{"start":{"line":208,"column":47},"end":{"line":208,"column":57}},{"start":{"line":208,"column":60},"end":{"line":208,"column":72}}]},"18":{"loc":{"start":{"line":212,"column":16},"end":{"line":212,"column":90}},"type":"if","locations":[{"start":{"line":212,"column":16},"end":{"line":212,"column":90}},{"start":{},"end":{}}]},"19":{"loc":{"start":{"line":212,"column":20},"end":{"line":212,"column":79}},"type":"binary-expr","locations":[{"start":{"line":212,"column":20},"end":{"line":212,"column":39}},{"start":{"line":212,"column":43},"end":{"line":212,"column":79}}]},"20":{"loc":{"start":{"line":215,"column":16},"end":{"line":222,"column":17}},"type":"if","locations":[{"start":{"line":215,"column":16},"end":{"line":222,"column":17}},{"start":{},"end":{}}]},"21":{"loc":{"start":{"line":218,"column":20},"end":{"line":221,"column":21}},"type":"if","locations":[{"start":{"line":218,"column":20},"end":{"line":221,"column":21}},{"start":{},"end":{}}]},"22":{"loc":{"start":{"line":224,"column":37},"end":{"line":224,"column":137}},"type":"binary-expr","locations":[{"start":{"line":224,"column":37},"end":{"line":224,"column":86}},{"start":{"line":224,"column":90},"end":{"line":224,"column":137}}]},"23":{"loc":{"start":{"line":227,"column":12},"end":{"line":227,"column":97}},"type":"if","locations":[{"start":{"line":227,"column":12},"end":{"line":227,"column":97}},{"start":{},"end":{}}]},"24":{"loc":{"start":{"line":231,"column":4},"end":{"line":239,"column":5}},"type":"if","locations":[{"start":{"line":231,"column":4},"end":{"line":239,"column":5}},{"start":{},"end":{}}]},"25":{"loc":{"start":{"line":252,"column":36},"end":{"line":252,"column":58}},"type":"default-arg","locations":[{"start":{"line":252,"column":56},"end":{"line":252,"column":58}}]},"26":{"loc":{"start":{"line":253,"column":25},"end":{"line":253,"column":48}},"type":"binary-expr","locations":[{"start":{"line":253,"column":25},"end":{"line":253,"column":38}},{"start":{"line":253,"column":42},"end":{"line":253,"column":48}}]},"27":{"loc":{"start":{"line":254,"column":17},"end":{"line":254,"column":33}},"type":"binary-expr","locations":[{"start":{"line":254,"column":17},"end":{"line":254,"column":28}},{"start":{"line":254,"column":32},"end":{"line":254,"column":33}}]},"28":{"loc":{"start":{"line":255,"column":17},"end":{"line":255,"column":33}},"type":"binary-expr","locations":[{"start":{"line":255,"column":17},"end":{"line":255,"column":28}},{"start":{"line":255,"column":32},"end":{"line":255,"column":33}}]},"29":{"loc":{"start":{"line":269,"column":4},"end":{"line":271,"column":5}},"type":"if","locations":[{"start":{"line":269,"column":4},"end":{"line":271,"column":5}},{"start":{},"end":{}}]},"30":{"loc":{"start":{"line":283,"column":12},"end":{"line":290,"column":13}},"type":"if","locations":[{"start":{"line":283,"column":12},"end":{"line":290,"column":13}},{"start":{},"end":{}}]},"31":{"loc":{"start":{"line":320,"column":34},"end":{"line":320,"column":56}},"type":"default-arg","locations":[{"start":{"line":320,"column":54},"end":{"line":320,"column":56}}]},"32":{"loc":{"start":{"line":321,"column":25},"end":{"line":321,"column":48}},"type":"binary-expr","locations":[{"start":{"line":321,"column":25},"end":{"line":321,"column":38}},{"start":{"line":321,"column":42},"end":{"line":321,"column":48}}]},"33":{"loc":{"start":{"line":322,"column":18},"end":{"line":322,"column":36}},"type":"binary-expr","locations":[{"start":{"line":322,"column":18},"end":{"line":322,"column":30}},{"start":{"line":322,"column":34},"end":{"line":322,"column":36}}]},"34":{"loc":{"start":{"line":323,"column":19},"end":{"line":323,"column":37}},"type":"binary-expr","locations":[{"start":{"line":323,"column":19},"end":{"line":323,"column":32}},{"start":{"line":323,"column":36},"end":{"line":323,"column":37}}]},"35":{"loc":{"start":{"line":332,"column":8},"end":{"line":335,"column":9}},"type":"if","locations":[{"start":{"line":332,"column":8},"end":{"line":335,"column":9}},{"start":{},"end":{}}]},"36":{"loc":{"start":{"line":332,"column":12},"end":{"line":332,"column":71}},"type":"binary-expr","locations":[{"start":{"line":332,"column":12},"end":{"line":332,"column":41}},{"start":{"line":332,"column":45},"end":{"line":332,"column":71}}]}},"s":{"0":1,"1":1,"2":1,"3":1,"4":1,"5":1,"6":1,"7":1,"8":1,"9":21,"10":20,"11":12,"12":0,"13":12,"14":12,"15":1,"16":11,"17":11,"18":11,"19":9,"20":9,"21":9,"22":9,"23":9,"24":9,"25":9,"26":9,"27":9,"28":9,"29":9,"30":8,"31":8,"32":8,"33":8,"34":7,"35":7,"36":7,"37":7,"38":35,"39":8,"40":27,"41":27,"42":8,"43":8,"44":8,"45":7,"46":7,"47":7,"48":1,"49":1,"50":1,"51":8,"52":7,"53":7,"54":5,"55":5,"56":2,"57":8,"58":9,"59":9,"60":9,"61":9,"62":9,"63":9,"64":9,"65":9,"66":9,"67":18,"68":18,"69":9,"70":9,"71":1,"72":9,"73":9,"74":9,"75":9,"76":9,"77":7,"78":6,"79":2,"80":2,"81":2,"82":6,"83":6,"84":3,"85":3,"86":6,"87":3,"88":3,"89":3,"90":3,"91":3,"92":3,"93":3,"94":3,"95":3,"96":2,"97":1,"98":1,"99":1,"100":1,"101":1,"102":1,"103":1,"104":1,"105":1},"f":{"0":21,"1":20,"2":12,"3":9,"4":9,"5":9,"6":9,"7":18,"8":2,"9":3,"10":3,"11":1},"b":{"0":[1,1],"1":[1,0],"2":[0],"3":[21,21],"4":[0,21],"5":[21,21],"6":[0,12],"7":[1,11],"8":[0,11],"9":[3],"10":[9,9],"11":[9,8],"12":[9,8],"13":[1,8],"14":[2,7],"15":[8,1],"16":[2,5],"17":[1,1],"18":[8,27],"19":[35,10],"20":[8,19],"21":[7,1],"22":[7,6],"23":[1,0],"24":[7,1],"25":[2],"26":[9,2],"27":[9,8],"28":[9,8],"29":[1,8],"30":[2,0],"31":[3],"32":[3,3],"33":[3,3],"34":[3,3],"35":[1,1],"36":[2,2]}}
}
