{"D:\\Desarrollo\\Temp\\index.ts": {"path":"D:\\Desarrollo\\Temp\\index.ts","statementMap":{"0":{"start":{"line":169,"column":0},"end":{"line":169,"column":22}},"1":{"start":{"line":266,"column":0},"end":{"line":266,"column":22}},"2":{"start":{"line":1,"column":0},"end":{"line":1,"column":50}},"3":{"start":{"line":2,"column":0},"end":{"line":2,"column":35}},"4":{"start":{"line":3,"column":0},"end":{"line":3,"column":31}},"5":{"start":{"line":4,"column":0},"end":{"line":4,"column":35}},"6":{"start":{"line":10,"column":15},"end":{"line":21,"column":2}},"7":{"start":{"line":130,"column":23},"end":{"line":141,"column":2}},"8":{"start":{"line":130,"column":78},"end":{"line":141,"column":2}},"9":{"start":{"line":132,"column":32},"end":{"line":132,"column":44}},"10":{"start":{"line":150,"column":4},"end":{"line":150,"column":27}},"11":{"start":{"line":150,"column":15},"end":{"line":150,"column":27}},"12":{"start":{"line":151,"column":20},"end":{"line":151,"column":48}},"13":{"start":{"line":152,"column":4},"end":{"line":152,"column":30}},"14":{"start":{"line":152,"column":18},"end":{"line":152,"column":30}},"15":{"start":{"line":153,"column":23},"end":{"line":153,"column":67}},"16":{"start":{"line":154,"column":16},"end":{"line":154,"column":38}},"17":{"start":{"line":155,"column":4},"end":{"line":155,"column":35}},"18":{"start":{"line":169,"column":34},"end":{"line":253,"column":null}},"19":{"start":{"line":170,"column":25},"end":{"line":170,"column":48}},"20":{"start":{"line":171,"column":17},"end":{"line":171,"column":33}},"21":{"start":{"line":172,"column":17},"end":{"line":172,"column":33}},"22":{"start":{"line":173,"column":19},"end":{"line":173,"column":41}},"23":{"start":{"line":175,"column":4},"end":{"line":175,"column":79}},"24":{"start":{"line":177,"column":20},"end":{"line":177,"column":45}},"25":{"start":{"line":178,"column":18},"end":{"line":178,"column":28}},"26":{"start":{"line":179,"column":22},"end":{"line":179,"column":32}},"27":{"start":{"line":180,"column":4},"end":{"line":180,"column":46}},"28":{"start":{"line":182,"column":26},"end":{"line":185,"column":5}},"29":{"start":{"line":183,"column":23},"end":{"line":183,"column":107}},"30":{"start":{"line":184,"column":8},"end":{"line":184,"column":84}},"31":{"start":{"line":187,"column":21},"end":{"line":187,"column":275}},"32":{"start":{"line":189,"column":4},"end":{"line":191,"column":5}},"33":{"start":{"line":190,"column":8},"end":{"line":190,"column":38}},"34":{"start":{"line":193,"column":4},"end":{"line":252,"column":5}},"35":{"start":{"line":194,"column":8},"end":{"line":194,"column":71}},"36":{"start":{"line":195,"column":24},"end":{"line":195,"column":56}},"37":{"start":{"line":196,"column":18},"end":{"line":196,"column":44}},"38":{"start":{"line":197,"column":51},"end":{"line":197,"column":53}},"39":{"start":{"line":198,"column":55},"end":{"line":198,"column":134}},"40":{"start":{"line":200,"column":8},"end":{"line":210,"column":9}},"41":{"start":{"line":201,"column":30},"end":{"line":201,"column":41}},"42":{"start":{"line":202,"column":12},"end":{"line":209,"column":13}},"43":{"start":{"line":203,"column":33},"end":{"line":203,"column":71}},"44":{"start":{"line":204,"column":29},"end":{"line":204,"column":60}},"45":{"start":{"line":205,"column":16},"end":{"line":208,"column":17}},"46":{"start":{"line":206,"column":20},"end":{"line":206,"column":42}},"47":{"start":{"line":207,"column":20},"end":{"line":207,"column":74}},"48":{"start":{"line":212,"column":30},"end":{"line":212,"column":130}},"49":{"start":{"line":214,"column":37},"end":{"line":214,"column":39}},"50":{"start":{"line":215,"column":26},"end":{"line":215,"column":31}},"51":{"start":{"line":217,"column":8},"end":{"line":238,"column":9}},"52":{"start":{"line":218,"column":12},"end":{"line":218,"column":90}},"53":{"start":{"line":219,"column":28},"end":{"line":219,"column":63}},"54":{"start":{"line":220,"column":23},"end":{"line":220,"column":49}},"55":{"start":{"line":222,"column":12},"end":{"line":232,"column":15}},"56":{"start":{"line":223,"column":30},"end":{"line":223,"column":48}},"57":{"start":{"line":224,"column":16},"end":{"line":231,"column":17}},"58":{"start":{"line":225,"column":20},"end":{"line":230,"column":23}},"59":{"start":{"line":234,"column":12},"end":{"line":234,"column":55}},"60":{"start":{"line":235,"column":12},"end":{"line":235,"column":102}},"61":{"start":{"line":237,"column":12},"end":{"line":237,"column":101}},"62":{"start":{"line":240,"column":8},"end":{"line":248,"column":10}},"63":{"start":{"line":250,"column":8},"end":{"line":250,"column":91}},"64":{"start":{"line":251,"column":8},"end":{"line":251,"column":72}},"65":{"start":{"line":266,"column":34},"end":{"line":307,"column":null}},"66":{"start":{"line":267,"column":25},"end":{"line":267,"column":48}},"67":{"start":{"line":268,"column":18},"end":{"line":268,"column":36}},"68":{"start":{"line":269,"column":19},"end":{"line":269,"column":37}},"69":{"start":{"line":270,"column":19},"end":{"line":270,"column":41}},"70":{"start":{"line":272,"column":4},"end":{"line":272,"column":73}},"71":{"start":{"line":274,"column":16},"end":{"line":274,"column":128}},"72":{"start":{"line":276,"column":4},"end":{"line":306,"column":5}},"73":{"start":{"line":277,"column":25},"end":{"line":277,"column":53}},"74":{"start":{"line":278,"column":8},"end":{"line":281,"column":9}},"75":{"start":{"line":279,"column":12},"end":{"line":279,"column":67}},"76":{"start":{"line":280,"column":12},"end":{"line":280,"column":24}},"77":{"start":{"line":283,"column":23},"end":{"line":283,"column":39}},"78":{"start":{"line":284,"column":36},"end":{"line":299,"column":10}},"79":{"start":{"line":290,"column":64},"end":{"line":293,"column":14}},"80":{"start":{"line":301,"column":8},"end":{"line":301,"column":99}},"81":{"start":{"line":302,"column":8},"end":{"line":302,"column":22}},"82":{"start":{"line":304,"column":8},"end":{"line":304,"column":88}},"83":{"start":{"line":305,"column":8},"end":{"line":305,"column":66}}},"fnMap":{"0":{"name":"(anonymous_17)","decl":{"start":{"line":130,"column":23},"end":{"line":130,"column":24}},"loc":{"start":{"line":130,"column":78},"end":{"line":141,"column":2}}},"1":{"name":"(anonymous_18)","decl":{"start":{"line":132,"column":20},"end":{"line":132,"column":21}},"loc":{"start":{"line":132,"column":32},"end":{"line":132,"column":44}}},"2":{"name":"parseVenezuelanNumber","decl":{"start":{"line":149,"column":9},"end":{"line":149,"column":30}},"loc":{"start":{"line":149,"column":43},"end":{"line":156,"column":1}}},"3":{"name":"getBcvRates","decl":{"start":{"line":169,"column":22},"end":{"line":169,"column":33}},"loc":{"start":{"line":169,"column":33},"end":{"line":253,"column":null}}},"4":{"name":"(anonymous_21)","decl":{"start":{"line":169,"column":34},"end":{"line":169,"column":54}},"loc":{"start":{"line":169,"column":56},"end":{"line":253,"column":1}}},"5":{"name":"(anonymous_22)","decl":{"start":{"line":182,"column":26},"end":{"line":182,"column":27}},"loc":{"start":{"line":182,"column":49},"end":{"line":185,"column":5}}},"6":{"name":"(anonymous_23)","decl":{"start":{"line":222,"column":50},"end":{"line":222,"column":51}},"loc":{"start":{"line":222,"column":61},"end":{"line":232,"column":13}}},"7":{"name":"getTrmRates","decl":{"start":{"line":266,"column":22},"end":{"line":266,"column":33}},"loc":{"start":{"line":266,"column":33},"end":{"line":307,"column":null}}},"8":{"name":"(anonymous_25)","decl":{"start":{"line":266,"column":34},"end":{"line":266,"column":54}},"loc":{"start":{"line":266,"column":56},"end":{"line":307,"column":1}}},"9":{"name":"(anonymous_26)","decl":{"start":{"line":290,"column":48},"end":{"line":290,"column":49}},"loc":{"start":{"line":290,"column":64},"end":{"line":293,"column":14}}}},"branchMap":{"0":{"loc":{"start":{"line":11,"column":11},"end":{"line":11,"column":46}},"type":"binary-expr","locations":[{"start":{"line":11,"column":11},"end":{"line":11,"column":36}},{"start":{"line":11,"column":40},"end":{"line":11,"column":46}}]},"1":{"loc":{"start":{"line":18,"column":20},"end":{"line":18,"column":77}},"type":"binary-expr","locations":[{"start":{"line":18,"column":20},"end":{"line":18,"column":51}},{"start":{"line":18,"column":55},"end":{"line":18,"column":77}}]},"2":{"loc":{"start":{"line":130,"column":24},"end":{"line":130,"column":52}},"type":"default-arg","locations":[{"start":{"line":130,"column":50},"end":{"line":130,"column":52}}]},"3":{"loc":{"start":{"line":131,"column":13},"end":{"line":131,"column":37}},"type":"binary-expr","locations":[{"start":{"line":131,"column":13},"end":{"line":131,"column":28}},{"start":{"line":131,"column":32},"end":{"line":131,"column":37}}]},"4":{"loc":{"start":{"line":134,"column":28},"end":{"line":134,"column":87}},"type":"cond-expr","locations":[{"start":{"line":134,"column":62},"end":{"line":134,"column":79}},{"start":{"line":134,"column":82},"end":{"line":134,"column":87}}]},"5":{"loc":{"start":{"line":137,"column":22},"end":{"line":137,"column":156}},"type":"binary-expr","locations":[{"start":{"line":137,"column":22},"end":{"line":137,"column":39}},{"start":{"line":137,"column":43},"end":{"line":137,"column":156}}]},"6":{"loc":{"start":{"line":150,"column":4},"end":{"line":150,"column":27}},"type":"if","locations":[{"start":{"line":150,"column":4},"end":{"line":150,"column":27}},{"start":{},"end":{}}]},"7":{"loc":{"start":{"line":152,"column":4},"end":{"line":152,"column":30}},"type":"if","locations":[{"start":{"line":152,"column":4},"end":{"line":152,"column":30}},{"start":{},"end":{}}]},"8":{"loc":{"start":{"line":155,"column":11},"end":{"line":155,"column":34}},"type":"cond-expr","locations":[{"start":{"line":155,"column":24},"end":{"line":155,"column":28}},{"start":{"line":155,"column":31},"end":{"line":155,"column":34}}]},"9":{"loc":{"start":{"line":169,"column":34},"end":{"line":169,"column":56}},"type":"default-arg","locations":[{"start":{"line":169,"column":54},"end":{"line":169,"column":56}}]},"10":{"loc":{"start":{"line":170,"column":25},"end":{"line":170,"column":48}},"type":"binary-expr","locations":[{"start":{"line":170,"column":25},"end":{"line":170,"column":38}},{"start":{"line":170,"column":42},"end":{"line":170,"column":48}}]},"11":{"loc":{"start":{"line":171,"column":17},"end":{"line":171,"column":33}},"type":"binary-expr","locations":[{"start":{"line":171,"column":17},"end":{"line":171,"column":28}},{"start":{"line":171,"column":32},"end":{"line":171,"column":33}}]},"12":{"loc":{"start":{"line":172,"column":17},"end":{"line":172,"column":33}},"type":"binary-expr","locations":[{"start":{"line":172,"column":17},"end":{"line":172,"column":28}},{"start":{"line":172,"column":32},"end":{"line":172,"column":33}}]},"13":{"loc":{"start":{"line":189,"column":4},"end":{"line":191,"column":5}},"type":"if","locations":[{"start":{"line":189,"column":4},"end":{"line":191,"column":5}},{"start":{},"end":{}}]},"14":{"loc":{"start":{"line":202,"column":12},"end":{"line":209,"column":13}},"type":"if","locations":[{"start":{"line":202,"column":12},"end":{"line":209,"column":13}},{"start":{},"end":{}}]},"15":{"loc":{"start":{"line":205,"column":16},"end":{"line":208,"column":17}},"type":"if","locations":[{"start":{"line":205,"column":16},"end":{"line":208,"column":17}},{"start":{},"end":{}}]},"16":{"loc":{"start":{"line":212,"column":30},"end":{"line":212,"column":130}},"type":"binary-expr","locations":[{"start":{"line":212,"column":30},"end":{"line":212,"column":79}},{"start":{"line":212,"column":83},"end":{"line":212,"column":130}}]},"17":{"loc":{"start":{"line":224,"column":16},"end":{"line":231,"column":17}},"type":"if","locations":[{"start":{"line":224,"column":16},"end":{"line":231,"column":17}},{"start":{},"end":{}}]},"18":{"loc":{"start":{"line":266,"column":34},"end":{"line":266,"column":56}},"type":"default-arg","locations":[{"start":{"line":266,"column":54},"end":{"line":266,"column":56}}]},"19":{"loc":{"start":{"line":267,"column":25},"end":{"line":267,"column":48}},"type":"binary-expr","locations":[{"start":{"line":267,"column":25},"end":{"line":267,"column":38}},{"start":{"line":267,"column":42},"end":{"line":267,"column":48}}]},"20":{"loc":{"start":{"line":268,"column":18},"end":{"line":268,"column":36}},"type":"binary-expr","locations":[{"start":{"line":268,"column":18},"end":{"line":268,"column":30}},{"start":{"line":268,"column":34},"end":{"line":268,"column":36}}]},"21":{"loc":{"start":{"line":269,"column":19},"end":{"line":269,"column":37}},"type":"binary-expr","locations":[{"start":{"line":269,"column":19},"end":{"line":269,"column":32}},{"start":{"line":269,"column":36},"end":{"line":269,"column":37}}]},"22":{"loc":{"start":{"line":278,"column":8},"end":{"line":281,"column":9}},"type":"if","locations":[{"start":{"line":278,"column":8},"end":{"line":281,"column":9}},{"start":{},"end":{}}]},"23":{"loc":{"start":{"line":278,"column":12},"end":{"line":278,"column":71}},"type":"binary-expr","locations":[{"start":{"line":278,"column":12},"end":{"line":278,"column":41}},{"start":{"line":278,"column":45},"end":{"line":278,"column":71}}]}},"s":{"0":1,"1":1,"2":1,"3":1,"4":1,"5":1,"6":1,"7":1,"8":8,"9":12,"10":7,"11":0,"12":7,"13":7,"14":1,"15":6,"16":6,"17":6,"18":5,"19":5,"20":5,"21":5,"22":5,"23":5,"24":5,"25":5,"26":5,"27":5,"28":5,"29":10,"30":10,"31":5,"32":5,"33":1,"34":5,"35":5,"36":5,"37":4,"38":4,"39":4,"40":4,"41":20,"42":20,"43":5,"44":5,"45":5,"46":4,"47":4,"48":4,"49":4,"50":4,"51":4,"52":4,"53":4,"54":3,"55":2,"56":1,"57":1,"58":1,"59":2,"60":2,"61":2,"62":4,"63":1,"64":1,"65":3,"66":3,"67":3,"68":3,"69":3,"70":3,"71":3,"72":3,"73":3,"74":2,"75":1,"76":1,"77":1,"78":1,"79":1,"80":1,"81":1,"82":1,"83":1},"f":{"0":8,"1":12,"2":7,"3":5,"4":5,"5":10,"6":1,"7":3,"8":3,"9":1},"b":{"0":[1,1],"1":[1,0],"2":[0],"3":[8,8],"4":[0,8],"5":[8,8],"6":[0,7],"7":[1,6],"8":[0,6],"9":[4],"10":[5,5],"11":[5,4],"12":[5,4],"13":[1,4],"14":[5,15],"15":[4,1],"16":[4,3],"17":[1,0],"18":[3],"19":[3,3],"20":[3,3],"21":[3,3],"22":[1,1],"23":[2,2]}}
}
