TN:
SF:index.ts
FN:139,(anonymous_17)
FN:141,(anonymous_18)
FN:158,parseVenezuelanNumber
FN:178,getBcvRates
FN:178,(anonymous_21)
FN:252,getBcvHistory
FN:252,(anonymous_23)
FN:262,(anonymous_24)
FN:281,(anonymous_25)
FN:320,getTrmRates
FN:320,(anonymous_27)
FN:344,(anonymous_28)
FNF:12
FNH:12
FNDA:21,(anonymous_17)
FNDA:20,(anonymous_18)
FNDA:12,parseVenezuelanNumber
FNDA:9,getBcvRates
FNDA:9,(anonymous_21)
FNDA:9,getBcvHistory
FNDA:9,(anonymous_23)
FNDA:18,(anonymous_24)
FNDA:2,(anonymous_25)
FNDA:3,getTrmRates
FNDA:3,(anonymous_27)
FNDA:1,(anonymous_28)
DA:1,1
DA:2,1
DA:3,1
DA:4,1
DA:10,1
DA:139,21
DA:141,20
DA:159,12
DA:160,12
DA:161,12
DA:162,11
DA:163,11
DA:164,11
DA:178,9
DA:179,9
DA:180,9
DA:181,9
DA:182,9
DA:183,9
DA:184,9
DA:185,9
DA:187,9
DA:189,9
DA:199,9
DA:200,8
DA:201,8
DA:202,8
DA:203,8
DA:204,7
DA:205,7
DA:207,7
DA:211,7
DA:212,35
DA:214,27
DA:215,27
DA:216,8
DA:217,8
DA:218,8
DA:219,7
DA:220,7
DA:224,7
DA:226,1
DA:227,1
DA:231,8
DA:232,7
DA:233,7
DA:234,5
DA:235,5
DA:237,2
DA:241,8
DA:252,9
DA:253,9
DA:254,9
DA:255,9
DA:256,9
DA:258,9
DA:259,9
DA:260,9
DA:262,9
DA:263,18
DA:264,18
DA:267,9
DA:269,9
DA:270,1
DA:273,9
DA:274,9
DA:276,9
DA:277,9
DA:278,9
DA:279,7
DA:281,6
DA:282,2
DA:283,2
DA:284,2
DA:293,6
DA:294,6
DA:296,3
DA:297,3
DA:300,6
DA:320,3
DA:321,3
DA:322,3
DA:323,3
DA:324,3
DA:326,3
DA:328,3
DA:330,3
DA:331,3
DA:332,2
DA:333,1
DA:334,1
DA:337,1
DA:338,1
DA:344,1
DA:355,1
DA:356,1
DA:358,1
DA:359,1
LF:98
LH:98
BRDA:11,0,0,1
BRDA:11,0,1,1
BRDA:18,1,0,1
BRDA:18,1,1,0
BRDA:139,2,0,0
BRDA:140,3,0,21
BRDA:140,3,1,21
BRDA:143,4,0,0
BRDA:143,4,1,21
BRDA:146,5,0,21
BRDA:146,5,1,21
BRDA:159,6,0,0
BRDA:159,6,1,12
BRDA:161,7,0,1
BRDA:161,7,1,11
BRDA:164,8,0,0
BRDA:164,8,1,11
BRDA:178,9,0,3
BRDA:179,10,0,9
BRDA:179,10,1,9
BRDA:180,11,0,9
BRDA:180,11,1,8
BRDA:181,12,0,9
BRDA:181,12,1,8
BRDA:182,13,0,1
BRDA:182,13,1,8
BRDA:183,14,0,2
BRDA:183,14,1,7
BRDA:199,15,0,8
BRDA:199,15,1,1
BRDA:207,16,0,2
BRDA:207,16,1,5
BRDA:208,17,0,1
BRDA:208,17,1,1
BRDA:212,18,0,8
BRDA:212,18,1,27
BRDA:212,19,0,35
BRDA:212,19,1,10
BRDA:215,20,0,8
BRDA:215,20,1,19
BRDA:218,21,0,7
BRDA:218,21,1,1
BRDA:224,22,0,7
BRDA:224,22,1,6
BRDA:227,23,0,1
BRDA:227,23,1,0
BRDA:231,24,0,7
BRDA:231,24,1,1
BRDA:252,25,0,2
BRDA:253,26,0,9
BRDA:253,26,1,2
BRDA:254,27,0,9
BRDA:254,27,1,8
BRDA:255,28,0,9
BRDA:255,28,1,8
BRDA:269,29,0,1
BRDA:269,29,1,8
BRDA:283,30,0,2
BRDA:283,30,1,0
BRDA:320,31,0,3
BRDA:321,32,0,3
BRDA:321,32,1,3
BRDA:322,33,0,3
BRDA:322,33,1,3
BRDA:323,34,0,3
BRDA:323,34,1,3
BRDA:332,35,0,1
BRDA:332,35,1,1
BRDA:332,36,0,2
BRDA:332,36,1,2
BRF:70
BRH:63
end_of_record
