TN:
SF:index.ts
FN:130,(anonymous_17)
FN:132,(anonymous_18)
FN:149,parseVenezuelanNumber
FN:169,getBcvRates
FN:169,(anonymous_21)
FN:182,(anonymous_22)
FN:222,(anonymous_23)
FN:266,getTrmRates
FN:266,(anonymous_25)
FN:290,(anonymous_26)
FNF:10
FNH:10
FNDA:8,(anonymous_17)
FNDA:12,(anonymous_18)
FNDA:7,parseVenezuelanNumber
FNDA:5,getBcvRates
FNDA:5,(anonymous_21)
FNDA:10,(anonymous_22)
FNDA:1,(anonymous_23)
FNDA:3,getTrmRates
FNDA:3,(anonymous_25)
FNDA:1,(anonymous_26)
DA:1,1
DA:2,1
DA:3,1
DA:4,1
DA:10,1
DA:130,8
DA:132,12
DA:150,7
DA:151,7
DA:152,7
DA:153,6
DA:154,6
DA:155,6
DA:169,5
DA:170,5
DA:171,5
DA:172,5
DA:173,5
DA:175,5
DA:177,5
DA:178,5
DA:179,5
DA:180,5
DA:182,5
DA:183,10
DA:184,10
DA:187,5
DA:189,5
DA:190,1
DA:193,5
DA:194,5
DA:195,5
DA:196,4
DA:197,4
DA:198,4
DA:200,4
DA:201,20
DA:202,20
DA:203,5
DA:204,5
DA:205,5
DA:206,4
DA:207,4
DA:212,4
DA:214,4
DA:215,4
DA:217,4
DA:218,4
DA:219,4
DA:220,3
DA:222,2
DA:223,1
DA:224,1
DA:225,1
DA:234,2
DA:235,2
DA:237,2
DA:240,4
DA:250,1
DA:251,1
DA:266,3
DA:267,3
DA:268,3
DA:269,3
DA:270,3
DA:272,3
DA:274,3
DA:276,3
DA:277,3
DA:278,2
DA:279,1
DA:280,1
DA:283,1
DA:284,1
DA:290,1
DA:301,1
DA:302,1
DA:304,1
DA:305,1
LF:79
LH:79
BRDA:11,0,0,1
BRDA:11,0,1,1
BRDA:18,1,0,1
BRDA:18,1,1,0
BRDA:130,2,0,0
BRDA:131,3,0,8
BRDA:131,3,1,8
BRDA:134,4,0,0
BRDA:134,4,1,8
BRDA:137,5,0,8
BRDA:137,5,1,8
BRDA:150,6,0,0
BRDA:150,6,1,7
BRDA:152,7,0,1
BRDA:152,7,1,6
BRDA:155,8,0,0
BRDA:155,8,1,6
BRDA:169,9,0,4
BRDA:170,10,0,5
BRDA:170,10,1,5
BRDA:171,11,0,5
BRDA:171,11,1,4
BRDA:172,12,0,5
BRDA:172,12,1,4
BRDA:189,13,0,1
BRDA:189,13,1,4
BRDA:202,14,0,5
BRDA:202,14,1,15
BRDA:205,15,0,4
BRDA:205,15,1,1
BRDA:212,16,0,4
BRDA:212,16,1,3
BRDA:224,17,0,1
BRDA:224,17,1,0
BRDA:266,18,0,3
BRDA:267,19,0,3
BRDA:267,19,1,3
BRDA:268,20,0,3
BRDA:268,20,1,3
BRDA:269,21,0,3
BRDA:269,21,1,3
BRDA:278,22,0,1
BRDA:278,22,1,1
BRDA:278,23,0,2
BRDA:278,23,1,2
BRF:45
BRH:39
end_of_record
